<?xml version="1.0" encoding="UTF-8"?>
<!-- Generated by org.testng.reporters.JUnitXMLReporter -->
<testsuite ignored="14" hostname="DESKTOP-2280B01" failures="0" tests="1" name="Default test" time="15.798" errors="0" timestamp="2022-06-04T22:31:11 IST">
  <testcase classname="testcases.VerifyWidgetsTest" name="verifyDatePicker" time="2.016"/>
  <testcase classname="testcases.VerifyWidgetsTest" name="verifyAutocompletemulti" time="0.0">
    <ignored/>
  </testcase> <!-- verifyAutocompletemulti -->
  <testcase classname="testcases.VerifyWidgetsTest" name="verifyAutocomplete" time="0.0">
    <ignored/>
  </testcase> <!-- verifyAutocomplete -->
  <testcase classname="testcases.VerifyWidgetsTest" name="verifystop" time="0.0">
    <ignored/>
  </testcase> <!-- verifystop -->
  <testcase classname="testcases.VerifyWidgetsTest" name="verifyTabs" time="0.0">
    <ignored/>
  </testcase> <!-- verifyTabs -->
  <testcase classname="testcases.VerifyWidgetsTest" name="verifyAutocompletesingle" time="0.0">
    <ignored/>
  </testcase> <!-- verifyAutocompletesingle -->
  <testcase classname="testcases.VerifyWidgetsTest" name="verifystart" time="0.0">
    <ignored/>
  </testcase> <!-- verifystart -->
  <testcase classname="testcases.VerifyWidgetsTest" name="verifyreset" time="0.0">
    <ignored/>
  </testcase> <!-- verifyreset -->
  <testcase classname="testcases.VerifyWidgetsTest" name="verifyWhat" time="0.0">
    <ignored/>
  </testcase> <!-- verifyWhat -->
  <testcase classname="testcases.VerifyWidgetsTest" name="verifyWidgets" time="0.0">
    <ignored/>
  </testcase> <!-- verifyWidgets -->
  <testcase classname="testcases.VerifyWidgetsTest" name="verifyAccordian" time="0.0">
    <ignored/>
  </testcase> <!-- verifyAccordian -->
  <testcase classname="testcases.VerifyWidgetsTest" name="verifyOrigin" time="0.0">
    <ignored/>
  </testcase> <!-- verifyOrigin -->
  <testcase classname="testcases.VerifyWidgetsTest" name="verifyAccordianelement" time="0.0">
    <ignored/>
  </testcase> <!-- verifyAccordianelement -->
  <testcase classname="testcases.VerifyWidgetsTest" name="verifyProgressBar" time="0.0">
    <ignored/>
  </testcase> <!-- verifyProgressBar -->
  <testcase classname="testcases.VerifyWidgetsTest" name="verifyuse" time="0.0">
    <ignored/>
  </testcase> <!-- verifyuse -->
</testsuite> <!-- Default test -->
