<?xml version="1.0" encoding="UTF-8"?>
<testng-results ignored="14" total="15" passed="1" failed="0" skipped="0">
  <reporter-output>
  </reporter-output>
  <suite started-at="2022-06-04T22:30:55 IST" name="Default suite" finished-at="2022-06-04T22:31:11 IST" duration-ms="15798">
    <groups>
    </groups>
    <test started-at="2022-06-04T22:30:55 IST" name="Default test" finished-at="2022-06-04T22:31:11 IST" duration-ms="15798">
      <class name="testcases.VerifyWidgetsTest">
        <test-method is-config="true" signature="SetUp()[pri:0, instance:testcases.VerifyWidgetsTest@4defd42]" started-at="2022-06-04T22:30:56 IST" name="SetUp" finished-at="2022-06-04T22:31:09 IST" duration-ms="13256" status="PASS">
          <reporter-output>
          </reporter-output>
        </test-method> <!-- SetUp -->
        <test-method signature="verifyDatePicker()[pri:0, instance:testcases.VerifyWidgetsTest@4defd42]" started-at="2022-06-04T22:31:09 IST" name="verifyDatePicker" finished-at="2022-06-04T22:31:11 IST" duration-ms="2016" status="PASS">
          <reporter-output>
          </reporter-output>
        </test-method> <!-- verifyDatePicker -->
        <test-method is-config="true" signature="teardown()[pri:0, instance:testcases.VerifyWidgetsTest@4defd42]" started-at="2022-06-04T22:31:11 IST" name="teardown" finished-at="2022-06-04T22:31:11 IST" duration-ms="1" status="PASS">
          <reporter-output>
          </reporter-output>
        </test-method> <!-- teardown -->
      </class> <!-- testcases.VerifyWidgetsTest -->
    </test> <!-- Default test -->
  </suite> <!-- Default suite -->
</testng-results>
